-- -*- M2-comint -*- hash: 785799027
--loading configuration for package "FourTiTwo" from file /home/benjamin/.Macaulay2/init-FourTiTwo.m2
--loading configuration for package "Topcom" from file /home/benjamin/.Macaulay2/init-Topcom.m2

i1 : K=QQ;

i2 : R=K[x_0..x_4];

i3 : I=monomialIdeal(x_0*x_1,x_1*x_2,x_2*x_3,x_3*x_4,x_4*x_0);

o3 : MonomialIdeal of R

i4 : C=simplicialComplex I

o4 = | x_2x_4 x_1x_4 x_1x_3 x_0x_3 x_0x_2 |

o4 : SimplicialComplex

i5 : S=R**K[y]

o5 = S

o5 : PolynomialRing

i6 : C1=substitute(C,S)

o6 = | x_2x_4 x_1x_4 x_1x_3 x_0x_3 x_0x_2 |

o6 : SimplicialComplex

i7 : ring C1

o7 = S

o7 : PolynomialRing

i8 : 
